Running: /home/dinah/xilinx/14.7/ISE_DS/ISE/bin/lin64/unwrapped/fuse -intstyle ise -incremental -lib unisims_ver -lib unimacro_ver -lib xilinxcorelib_ver -o /home/dinah/ELEC2141/lab_work/lab2/Votecircuit1/Votecircuit1_Votecircuit1_sch_tb_isim_beh.exe -prj /home/dinah/ELEC2141/lab_work/lab2/Votecircuit1/Votecircuit1_Votecircuit1_sch_tb_beh.prj work.Votecircuit1_Votecircuit1_sch_tb work.glbl 
ISim P.20131013 (signature 0xfbc00daa)
Number of CPUs detected in this system: 8
Turning on mult-threading, number of parallel sub-compilation jobs: 16 
Determining compilation order of HDL files
Analyzing Verilog file "/home/dinah/ELEC2141/lab_work/lab2/Votecircuit1/Votecircuit1.vf" into library work
Analyzing Verilog file "/home/dinah/ELEC2141/lab_work/lab2/Votecircuit1/Votecircuit1_tbw.v" into library work
Analyzing Verilog file "/home/dinah/xilinx/14.7/ISE_DS/ISE//verilog/src/glbl.v" into library work
Starting static elaboration
Completed static elaboration
Fuse Memory Usage: 94644 KB
Fuse CPU Usage: 990 ms
Compiling module AND2
Compiling module OR2
Compiling module Votecircuit1
Compiling module Votecircuit1_Votecircuit1_sch_tb
Compiling module glbl
Time Resolution for simulation is 1ps.
Compiled 5 Verilog Units
Built simulation executable /home/dinah/ELEC2141/lab_work/lab2/Votecircuit1/Votecircuit1_Votecircuit1_sch_tb_isim_beh.exe
Fuse Memory Usage: 1179100 KB
Fuse CPU Usage: 1000 ms
GCC CPU Usage: 310 ms
